Arguments: 
  C:\Program Files\nodejs\node.exe C:\Users\abelg\AppData\Roaming\npm\node_modules\yarn\bin\yarn.js init

PATH: 
  C:\Python310\Scripts\;C:\Python310\;C:\Program Files (x86)\Razer Chroma SDK\bin;C:\Program Files\Razer Chroma SDK\bin;C:\Program Files (x86)\Razer\ChromaBroadcast\bin;C:\Program Files\Razer\ChromaBroadcast\bin;C:\Program Files\NVIDIA GPU Computing Toolkit\CUDA\v11.4\bin;C:\Program Files\NVIDIA GPU Computing Toolkit\CUDA\v11.4\libnvvp;C:\Program Files (x86)\Falcon\MinGW\bin;C:\Program Files (x86)\Common Files\Oracle\Java\javapath;C:\Program Files\Common Files\Oracle\Java\javapath;C:\Windows\system32;C:\Windows;C:\Windows\System32\Wbem;C:\Windows\System32\WindowsPowerShell\v1.0\;C:\Windows\System32\OpenSSH\;C:\Program Files (x86)\NVIDIA Corporation\PhysX\Common;C:\Program Files\NVIDIA Corporation\NVIDIA NvDLISR;C:\Program Files\Git\cmd;C:\Program Files\Docker\Docker\resources\bin;C:\ProgramData\DockerDesktop\version-bin;C:\Program Files\NVIDIA Corporation\Nsight Compute 2021.2.0\;C:\Users\abelg\AppData\Roaming\nvm;C:\Program Files\nodejs;C:\WINDOWS\system32;C:\WINDOWS;C:\WINDOWS\System32\Wbem;C:\WINDOWS\System32\WindowsPowerShell\v1.0\;C:\WINDOWS\System32\OpenSSH\;C:\WINDOWS\system32\config\systemprofile\AppData\Local\Microsoft\WindowsApps;C:\Program Files\mingw-w64\x86_64-8.1.0-posix-seh-rt_v6-rev0\mingw64\bin;C:\Program Files\nodejs\;C:\ProgramData\chocolatey\bin;C:\WINDOWS\system32;C:\WINDOWS;C:\WINDOWS\System32\Wbem;C:\WINDOWS\System32\WindowsPowerShell\v1.0\;C:\WINDOWS\System32\OpenSSH\;C:\Program Files\Go\bin;C:\Program Files\dotnet\;C:\Program Files\CMake\bin;C:\Program Files\Cloudflare\Cloudflare WARP\;C:\xampp\php;C:\ProgramData\ComposerSetup\bin;C:\Python2;C:\Program Files\MySQL\MySQL Shell 8.0\bin\;C:\Users\abelg\AppData\Local\Programs\Python\Python39\Scripts\;C:\Users\abelg\AppData\Local\Programs\Python\Python39\;C:\Users\abelg\AppData\Local\Microsoft\WindowsApps;C:\Users\abelg\AppData\Local\Programs\Microsoft VS Code\bin;C:\flutter\flutter\bin;C:\Gradle\gradle-6.8.3\bin;C:\Program Files\Redis;C:\Users\abelg\AppData\Roaming\nvm;C:\Program Files\nodejs;C:\Program Files\Git\usr\bin\;C:\ffmpeg\bin;C:\Program Files\mingw-w64\x86_64-8.1.0-posix-seh-rt_v6-rev0\mingw64\bin\gcc.exe;C:\Users\abelg\protobuf\bin;C:\Users\abelg\go\bin;C:\Program Files (x86)\sqlite;C:\Users\abelg\AppData\Local\Programs\Fiddler;C:\Program Files (x86)\apache-jmeter-5.4.3\bin;C:\Users\abelg\AppData\Roaming\npm;C:\flutter\flutter\.pub-cache\bin;C:\flutter\flutter\bin\cache\dart-sdk\bin;C:\Users\abelg\AppData\Local\Microsoft\WindowsApps;C:\Users\abelg\go\bin;C:\Users\abelg\.deno\bin;C:\php-8.2\php.exe;C:\src\vcpkg;C:\Users\abelg\AppData\Roaming\Composer\vendor\bin

Yarn version: 
  1.22.11

Node version: 
  16.13.2

Platform: 
  win32 x64

Trace: 
  Error: canceled
      at Interface.<anonymous> (C:\Users\abelg\AppData\Roaming\npm\node_modules\yarn\lib\cli.js:137023:13)
      at Interface.emit (node:events:390:28)
      at Interface._ttyWrite (node:readline:1081:16)
      at ReadStream.onkeypress (node:readline:288:10)
      at ReadStream.emit (node:events:390:28)
      at emitKeys (node:internal/readline/utils:358:14)
      at emitKeys.next (<anonymous>)
      at ReadStream.onData (node:internal/readline/emitKeypressEvents:61:36)
      at ReadStream.emit (node:events:390:28)
      at addChunk (node:internal/streams/readable:315:12)

npm manifest: 
  No manifest

yarn manifest: 
  No manifest

Lockfile: 
  No lockfile
